{"/Users/carolinerobbins/hackreactor/junior/frontendcapstone/config.js": {"path":"/Users/carolinerobbins/hackreactor/junior/frontendcapstone/config.js","statementMap":{"0":{"start":{"line":2,"column":21},"end":{"line":5,"column":1}}},"fnMap":{},"branchMap":{},"s":{"0":1},"f":{},"b":{},"_coverageSchema":"1a1c01bbd47fc00a2c39e90264f33305004495a9","hash":"692f3d6ec2f031334ae5ee8a48253c250c38ef1f"}
,"/Users/carolinerobbins/hackreactor/junior/frontendcapstone/src/apis/apiConfig.js": {"path":"/Users/carolinerobbins/hackreactor/junior/frontendcapstone/src/apis/apiConfig.js","statementMap":{"0":{"start":{"line":3,"column":30},"end":{"line":3,"column":42}},"1":{"start":{"line":5,"column":15},"end":{"line":11,"column":1}}},"fnMap":{},"branchMap":{},"s":{"0":1,"1":1},"f":{},"b":{},"_coverageSchema":"1a1c01bbd47fc00a2c39e90264f33305004495a9","hash":"ba43fd43cdaf3227a4b8fb0e72302a66561856dd"}
,"/Users/carolinerobbins/hackreactor/junior/frontendcapstone/src/apis/cart.js": {"path":"/Users/carolinerobbins/hackreactor/junior/frontendcapstone/src/apis/cart.js","statementMap":{"0":{"start":{"line":5,"column":25},"end":{"line":12,"column":3}},"1":{"start":{"line":6,"column":4},"end":{"line":11,"column":5}},"2":{"start":{"line":7,"column":23},"end":{"line":7,"column":55}},"3":{"start":{"line":8,"column":6},"end":{"line":8,"column":27}},"4":{"start":{"line":10,"column":6},"end":{"line":10,"column":37}},"5":{"start":{"line":14,"column":25},"end":{"line":21,"column":3}},"6":{"start":{"line":15,"column":4},"end":{"line":20,"column":5}},"7":{"start":{"line":16,"column":23},"end":{"line":16,"column":93}},"8":{"start":{"line":17,"column":6},"end":{"line":17,"column":41}},"9":{"start":{"line":19,"column":6},"end":{"line":19,"column":37}}},"fnMap":{"0":{"name":"(anonymous_0)","decl":{"start":{"line":5,"column":25},"end":{"line":5,"column":26}},"loc":{"start":{"line":5,"column":37},"end":{"line":12,"column":3}},"line":5},"1":{"name":"(anonymous_1)","decl":{"start":{"line":14,"column":25},"end":{"line":14,"column":26}},"loc":{"start":{"line":14,"column":53},"end":{"line":21,"column":3}},"line":14}},"branchMap":{},"s":{"0":1,"1":0,"2":0,"3":0,"4":0,"5":1,"6":0,"7":0,"8":0,"9":0},"f":{"0":0,"1":0},"b":{},"_coverageSchema":"1a1c01bbd47fc00a2c39e90264f33305004495a9","hash":"5af5de4250e1d3f93f989c46030e2c6017a5e0f0"}
,"/Users/carolinerobbins/hackreactor/junior/frontendcapstone/src/components/overview/Cart.jsx": {"path":"/Users/carolinerobbins/hackreactor/junior/frontendcapstone/src/components/overview/Cart.jsx","statementMap":{"0":{"start":{"line":6,"column":46},"end":{"line":6,"column":58}},"1":{"start":{"line":7,"column":24},"end":{"line":7,"column":38}},"2":{"start":{"line":8,"column":34},"end":{"line":8,"column":45}},"3":{"start":{"line":10,"column":21},"end":{"line":22,"column":3}},"4":{"start":{"line":11,"column":4},"end":{"line":11,"column":26}},"5":{"start":{"line":12,"column":16},"end":{"line":12,"column":30}},"6":{"start":{"line":13,"column":15},"end":{"line":13,"column":43}},"7":{"start":{"line":14,"column":4},"end":{"line":21,"column":5}},"8":{"start":{"line":14,"column":17},"end":{"line":14,"column":18}},"9":{"start":{"line":15,"column":6},"end":{"line":20,"column":7}},"10":{"start":{"line":16,"column":8},"end":{"line":16,"column":20}},"11":{"start":{"line":17,"column":8},"end":{"line":19,"column":50}},"12":{"start":{"line":24,"column":21},"end":{"line":46,"column":3}},"13":{"start":{"line":25,"column":17},"end":{"line":25,"column":51}},"14":{"start":{"line":26,"column":21},"end":{"line":33,"column":5}},"15":{"start":{"line":27,"column":6},"end":{"line":32,"column":7}},"16":{"start":{"line":28,"column":8},"end":{"line":28,"column":36}},"17":{"start":{"line":29,"column":21},"end":{"line":29,"column":52}},"18":{"start":{"line":31,"column":8},"end":{"line":31,"column":29}},"19":{"start":{"line":34,"column":4},"end":{"line":34,"column":15}},"20":{"start":{"line":35,"column":22},"end":{"line":42,"column":5}},"21":{"start":{"line":36,"column":6},"end":{"line":41,"column":7}},"22":{"start":{"line":37,"column":21},"end":{"line":37,"column":36}},"23":{"start":{"line":38,"column":8},"end":{"line":38,"column":26}},"24":{"start":{"line":40,"column":8},"end":{"line":40,"column":29}},"25":{"start":{"line":43,"column":4},"end":{"line":43,"column":16}},"26":{"start":{"line":48,"column":23},"end":{"line":50,"column":3}},"27":{"start":{"line":53,"column":19},"end":{"line":53,"column":21}},"28":{"start":{"line":54,"column":4},"end":{"line":56,"column":5}},"29":{"start":{"line":54,"column":17},"end":{"line":54,"column":18}},"30":{"start":{"line":55,"column":6},"end":{"line":55,"column":21}},"31":{"start":{"line":57,"column":4},"end":{"line":57,"column":19}},"32":{"start":{"line":58,"column":4},"end":{"line":58,"column":30}},"33":{"start":{"line":61,"column":2},"end":{"line":141,"column":4}},"34":{"start":{"line":73,"column":12},"end":{"line":73,"column":56}},"35":{"start":{"line":79,"column":25},"end":{"line":79,"column":52}},"36":{"start":{"line":88,"column":10},"end":{"line":90,"column":19}}},"fnMap":{"0":{"name":"Cart","decl":{"start":{"line":5,"column":24},"end":{"line":5,"column":28}},"loc":{"start":{"line":5,"column":43},"end":{"line":142,"column":1}},"line":5},"1":{"name":"(anonymous_1)","decl":{"start":{"line":10,"column":21},"end":{"line":10,"column":22}},"loc":{"start":{"line":10,"column":28},"end":{"line":22,"column":3}},"line":10},"2":{"name":"(anonymous_2)","decl":{"start":{"line":24,"column":21},"end":{"line":24,"column":22}},"loc":{"start":{"line":24,"column":27},"end":{"line":46,"column":3}},"line":24},"3":{"name":"(anonymous_3)","decl":{"start":{"line":26,"column":21},"end":{"line":26,"column":22}},"loc":{"start":{"line":26,"column":33},"end":{"line":33,"column":5}},"line":26},"4":{"name":"(anonymous_4)","decl":{"start":{"line":35,"column":22},"end":{"line":35,"column":23}},"loc":{"start":{"line":35,"column":34},"end":{"line":42,"column":5}},"line":35},"5":{"name":"(anonymous_5)","decl":{"start":{"line":48,"column":23},"end":{"line":48,"column":24}},"loc":{"start":{"line":48,"column":29},"end":{"line":50,"column":3}},"line":48},"6":{"name":"generateQuantity","decl":{"start":{"line":52,"column":11},"end":{"line":52,"column":27}},"loc":{"start":{"line":52,"column":33},"end":{"line":59,"column":3}},"line":52},"7":{"name":"(anonymous_7)","decl":{"start":{"line":72,"column":43},"end":{"line":72,"column":44}},"loc":{"start":{"line":73,"column":12},"end":{"line":73,"column":56}},"line":73},"8":{"name":"(anonymous_8)","decl":{"start":{"line":79,"column":18},"end":{"line":79,"column":19}},"loc":{"start":{"line":79,"column":25},"end":{"line":79,"column":52}},"line":79},"9":{"name":"(anonymous_9)","decl":{"start":{"line":87,"column":28},"end":{"line":87,"column":29}},"loc":{"start":{"line":88,"column":10},"end":{"line":90,"column":19}},"line":88}},"branchMap":{"0":{"loc":{"start":{"line":15,"column":6},"end":{"line":20,"column":7}},"type":"if","locations":[{"start":{"line":15,"column":6},"end":{"line":20,"column":7}},{"start":{},"end":{}}],"line":15},"1":{"loc":{"start":{"line":17,"column":8},"end":{"line":19,"column":49}},"type":"cond-expr","locations":[{"start":{"line":18,"column":12},"end":{"line":18,"column":32}},{"start":{"line":19,"column":12},"end":{"line":19,"column":49}}],"line":17},"2":{"loc":{"start":{"line":63,"column":7},"end":{"line":63,"column":43}},"type":"binary-expr","locations":[{"start":{"line":63,"column":7},"end":{"line":63,"column":15}},{"start":{"line":63,"column":19},"end":{"line":63,"column":43}}],"line":63},"3":{"loc":{"start":{"line":71,"column":9},"end":{"line":74,"column":12}},"type":"binary-expr","locations":[{"start":{"line":71,"column":9},"end":{"line":71,"column":17}},{"start":{"line":72,"column":10},"end":{"line":74,"column":12}}],"line":71},"4":{"loc":{"start":{"line":82,"column":9},"end":{"line":86,"column":9}},"type":"cond-expr","locations":[{"start":{"line":83,"column":10},"end":{"line":83,"column":42}},{"start":{"line":85,"column":10},"end":{"line":85,"column":46}}],"line":82},"5":{"loc":{"start":{"line":93,"column":7},"end":{"line":97,"column":7}},"type":"binary-expr","locations":[{"start":{"line":93,"column":7},"end":{"line":93,"column":11}},{"start":{"line":94,"column":8},"end":{"line":96,"column":17}}],"line":93},"6":{"loc":{"start":{"line":98,"column":7},"end":{"line":119,"column":7}},"type":"binary-expr","locations":[{"start":{"line":98,"column":7},"end":{"line":98,"column":10}},{"start":{"line":99,"column":8},"end":{"line":118,"column":17}}],"line":98}},"s":{"0":3,"1":3,"2":3,"3":3,"4":0,"5":0,"6":0,"7":0,"8":0,"9":0,"10":0,"11":0,"12":3,"13":0,"14":0,"15":0,"16":0,"17":0,"18":0,"19":0,"20":0,"21":0,"22":0,"23":0,"24":0,"25":0,"26":3,"27":0,"28":0,"29":0,"30":0,"31":0,"32":0,"33":3,"34":0,"35":0,"36":0},"f":{"0":3,"1":0,"2":0,"3":0,"4":0,"5":0,"6":0,"7":0,"8":0,"9":0},"b":{"0":[0,0],"1":[0,0],"2":[3,0],"3":[3,0],"4":[3,0],"5":[3,3],"6":[3,0]},"_coverageSchema":"1a1c01bbd47fc00a2c39e90264f33305004495a9","hash":"4ceccc517c3176c125356348be8ed27d55539437"}
}
