{"/Users/carolinerobbins/hackreactor/junior/frontendcapstone/config.js": {"path":"/Users/carolinerobbins/hackreactor/junior/frontendcapstone/config.js","statementMap":{"0":{"start":{"line":2,"column":21},"end":{"line":5,"column":1}}},"fnMap":{},"branchMap":{},"s":{"0":1},"f":{},"b":{},"_coverageSchema":"1a1c01bbd47fc00a2c39e90264f33305004495a9","hash":"692f3d6ec2f031334ae5ee8a48253c250c38ef1f"}
,"/Users/carolinerobbins/hackreactor/junior/frontendcapstone/src/apis/apiConfig.js": {"path":"/Users/carolinerobbins/hackreactor/junior/frontendcapstone/src/apis/apiConfig.js","statementMap":{"0":{"start":{"line":3,"column":30},"end":{"line":3,"column":42}},"1":{"start":{"line":5,"column":15},"end":{"line":11,"column":1}}},"fnMap":{},"branchMap":{},"s":{"0":1,"1":1},"f":{},"b":{},"_coverageSchema":"1a1c01bbd47fc00a2c39e90264f33305004495a9","hash":"ba43fd43cdaf3227a4b8fb0e72302a66561856dd"}
,"/Users/carolinerobbins/hackreactor/junior/frontendcapstone/src/apis/cart.js": {"path":"/Users/carolinerobbins/hackreactor/junior/frontendcapstone/src/apis/cart.js","statementMap":{"0":{"start":{"line":5,"column":25},"end":{"line":12,"column":3}},"1":{"start":{"line":6,"column":4},"end":{"line":11,"column":5}},"2":{"start":{"line":7,"column":23},"end":{"line":7,"column":55}},"3":{"start":{"line":8,"column":6},"end":{"line":8,"column":27}},"4":{"start":{"line":10,"column":6},"end":{"line":10,"column":37}},"5":{"start":{"line":14,"column":25},"end":{"line":21,"column":3}},"6":{"start":{"line":15,"column":4},"end":{"line":20,"column":5}},"7":{"start":{"line":16,"column":23},"end":{"line":16,"column":93}},"8":{"start":{"line":17,"column":6},"end":{"line":17,"column":41}},"9":{"start":{"line":19,"column":6},"end":{"line":19,"column":37}}},"fnMap":{"0":{"name":"(anonymous_0)","decl":{"start":{"line":5,"column":25},"end":{"line":5,"column":26}},"loc":{"start":{"line":5,"column":37},"end":{"line":12,"column":3}},"line":5},"1":{"name":"(anonymous_1)","decl":{"start":{"line":14,"column":25},"end":{"line":14,"column":26}},"loc":{"start":{"line":14,"column":53},"end":{"line":21,"column":3}},"line":14}},"branchMap":{},"s":{"0":1,"1":0,"2":0,"3":0,"4":0,"5":1,"6":0,"7":0,"8":0,"9":0},"f":{"0":0,"1":0},"b":{},"_coverageSchema":"1a1c01bbd47fc00a2c39e90264f33305004495a9","hash":"5af5de4250e1d3f93f989c46030e2c6017a5e0f0"}
,"/Users/carolinerobbins/hackreactor/junior/frontendcapstone/src/components/overview/Cart.jsx": {"path":"/Users/carolinerobbins/hackreactor/junior/frontendcapstone/src/components/overview/Cart.jsx","statementMap":{"0":{"start":{"line":6,"column":18},"end":{"line":6,"column":55}},"1":{"start":{"line":6,"column":41},"end":{"line":6,"column":54}},"2":{"start":{"line":7,"column":20},"end":{"line":7,"column":59}},"3":{"start":{"line":7,"column":43},"end":{"line":7,"column":58}},"4":{"start":{"line":8,"column":46},"end":{"line":8,"column":58}},"5":{"start":{"line":9,"column":24},"end":{"line":9,"column":38}},"6":{"start":{"line":10,"column":34},"end":{"line":10,"column":45}},"7":{"start":{"line":11,"column":34},"end":{"line":11,"column":49}},"8":{"start":{"line":12,"column":19},"end":{"line":12,"column":32}},"9":{"start":{"line":14,"column":21},"end":{"line":25,"column":3}},"10":{"start":{"line":15,"column":4},"end":{"line":15,"column":26}},"11":{"start":{"line":16,"column":15},"end":{"line":16,"column":43}},"12":{"start":{"line":17,"column":4},"end":{"line":24,"column":5}},"13":{"start":{"line":17,"column":17},"end":{"line":17,"column":18}},"14":{"start":{"line":18,"column":6},"end":{"line":23,"column":7}},"15":{"start":{"line":19,"column":8},"end":{"line":19,"column":20}},"16":{"start":{"line":20,"column":8},"end":{"line":22,"column":50}},"17":{"start":{"line":27,"column":21},"end":{"line":50,"column":3}},"18":{"start":{"line":28,"column":17},"end":{"line":28,"column":51}},"19":{"start":{"line":29,"column":21},"end":{"line":36,"column":5}},"20":{"start":{"line":30,"column":6},"end":{"line":35,"column":7}},"21":{"start":{"line":31,"column":8},"end":{"line":31,"column":38}},"22":{"start":{"line":32,"column":21},"end":{"line":32,"column":52}},"23":{"start":{"line":34,"column":8},"end":{"line":34,"column":29}},"24":{"start":{"line":37,"column":4},"end":{"line":37,"column":15}},"25":{"start":{"line":39,"column":22},"end":{"line":46,"column":5}},"26":{"start":{"line":40,"column":6},"end":{"line":45,"column":7}},"27":{"start":{"line":41,"column":21},"end":{"line":41,"column":36}},"28":{"start":{"line":42,"column":8},"end":{"line":42,"column":26}},"29":{"start":{"line":44,"column":8},"end":{"line":44,"column":29}},"30":{"start":{"line":47,"column":4},"end":{"line":47,"column":16}},"31":{"start":{"line":52,"column":23},"end":{"line":58,"column":3}},"32":{"start":{"line":53,"column":4},"end":{"line":53,"column":27}},"33":{"start":{"line":54,"column":4},"end":{"line":54,"column":26}},"34":{"start":{"line":55,"column":4},"end":{"line":57,"column":69}},"35":{"start":{"line":61,"column":19},"end":{"line":61,"column":21}},"36":{"start":{"line":62,"column":4},"end":{"line":64,"column":5}},"37":{"start":{"line":62,"column":17},"end":{"line":62,"column":18}},"38":{"start":{"line":63,"column":6},"end":{"line":63,"column":21}},"39":{"start":{"line":65,"column":4},"end":{"line":65,"column":19}},"40":{"start":{"line":66,"column":4},"end":{"line":66,"column":30}},"41":{"start":{"line":69,"column":2},"end":{"line":168,"column":4}},"42":{"start":{"line":81,"column":14},"end":{"line":81,"column":58}},"43":{"start":{"line":87,"column":27},"end":{"line":87,"column":54}},"44":{"start":{"line":96,"column":12},"end":{"line":98,"column":21}}},"fnMap":{"0":{"name":"Cart","decl":{"start":{"line":5,"column":24},"end":{"line":5,"column":28}},"loc":{"start":{"line":5,"column":43},"end":{"line":169,"column":1}},"line":5},"1":{"name":"(anonymous_1)","decl":{"start":{"line":6,"column":30},"end":{"line":6,"column":31}},"loc":{"start":{"line":6,"column":41},"end":{"line":6,"column":54}},"line":6},"2":{"name":"(anonymous_2)","decl":{"start":{"line":7,"column":32},"end":{"line":7,"column":33}},"loc":{"start":{"line":7,"column":43},"end":{"line":7,"column":58}},"line":7},"3":{"name":"(anonymous_3)","decl":{"start":{"line":14,"column":21},"end":{"line":14,"column":22}},"loc":{"start":{"line":14,"column":28},"end":{"line":25,"column":3}},"line":14},"4":{"name":"(anonymous_4)","decl":{"start":{"line":27,"column":21},"end":{"line":27,"column":22}},"loc":{"start":{"line":27,"column":27},"end":{"line":50,"column":3}},"line":27},"5":{"name":"(anonymous_5)","decl":{"start":{"line":29,"column":21},"end":{"line":29,"column":22}},"loc":{"start":{"line":29,"column":33},"end":{"line":36,"column":5}},"line":29},"6":{"name":"(anonymous_6)","decl":{"start":{"line":39,"column":22},"end":{"line":39,"column":23}},"loc":{"start":{"line":39,"column":34},"end":{"line":46,"column":5}},"line":39},"7":{"name":"(anonymous_7)","decl":{"start":{"line":52,"column":23},"end":{"line":52,"column":24}},"loc":{"start":{"line":52,"column":29},"end":{"line":58,"column":3}},"line":52},"8":{"name":"generateQuantity","decl":{"start":{"line":60,"column":11},"end":{"line":60,"column":27}},"loc":{"start":{"line":60,"column":33},"end":{"line":67,"column":3}},"line":60},"9":{"name":"(anonymous_9)","decl":{"start":{"line":80,"column":45},"end":{"line":80,"column":46}},"loc":{"start":{"line":81,"column":14},"end":{"line":81,"column":58}},"line":81},"10":{"name":"(anonymous_10)","decl":{"start":{"line":87,"column":20},"end":{"line":87,"column":21}},"loc":{"start":{"line":87,"column":27},"end":{"line":87,"column":54}},"line":87},"11":{"name":"(anonymous_11)","decl":{"start":{"line":95,"column":30},"end":{"line":95,"column":31}},"loc":{"start":{"line":96,"column":12},"end":{"line":98,"column":21}},"line":96}},"branchMap":{"0":{"loc":{"start":{"line":18,"column":6},"end":{"line":23,"column":7}},"type":"if","locations":[{"start":{"line":18,"column":6},"end":{"line":23,"column":7}},{"start":{},"end":{}}],"line":18},"1":{"loc":{"start":{"line":20,"column":8},"end":{"line":22,"column":49}},"type":"cond-expr","locations":[{"start":{"line":21,"column":12},"end":{"line":21,"column":32}},{"start":{"line":22,"column":12},"end":{"line":22,"column":49}}],"line":20},"2":{"loc":{"start":{"line":55,"column":4},"end":{"line":57,"column":68}},"type":"cond-expr","locations":[{"start":{"line":56,"column":8},"end":{"line":56,"column":65}},{"start":{"line":57,"column":8},"end":{"line":57,"column":68}}],"line":55},"3":{"loc":{"start":{"line":79,"column":11},"end":{"line":82,"column":14}},"type":"binary-expr","locations":[{"start":{"line":79,"column":11},"end":{"line":79,"column":19}},{"start":{"line":80,"column":12},"end":{"line":82,"column":14}}],"line":79},"4":{"loc":{"start":{"line":90,"column":11},"end":{"line":94,"column":11}},"type":"cond-expr","locations":[{"start":{"line":91,"column":12},"end":{"line":91,"column":40}},{"start":{"line":93,"column":12},"end":{"line":93,"column":40}}],"line":90},"5":{"loc":{"start":{"line":103,"column":9},"end":{"line":110,"column":9}},"type":"binary-expr","locations":[{"start":{"line":103,"column":9},"end":{"line":103,"column":13}},{"start":{"line":104,"column":10},"end":{"line":109,"column":19}}],"line":103},"6":{"loc":{"start":{"line":111,"column":9},"end":{"line":141,"column":9}},"type":"binary-expr","locations":[{"start":{"line":111,"column":9},"end":{"line":111,"column":12}},{"start":{"line":112,"column":10},"end":{"line":140,"column":19}}],"line":111},"7":{"loc":{"start":{"line":112,"column":10},"end":{"line":140,"column":19}},"type":"cond-expr","locations":[{"start":{"line":113,"column":10},"end":{"line":134,"column":19}},{"start":{"line":136,"column":10},"end":{"line":140,"column":19}}],"line":112},"8":{"loc":{"start":{"line":147,"column":11},"end":{"line":164,"column":16}},"type":"cond-expr","locations":[{"start":{"line":148,"column":10},"end":{"line":150,"column":14}},{"start":{"line":151,"column":12},"end":{"line":164,"column":16}}],"line":147}},"s":{"0":3,"1":6,"2":3,"3":6,"4":3,"5":3,"6":3,"7":3,"8":3,"9":3,"10":0,"11":0,"12":0,"13":0,"14":0,"15":0,"16":0,"17":3,"18":0,"19":0,"20":0,"21":0,"22":0,"23":0,"24":0,"25":0,"26":0,"27":0,"28":0,"29":0,"30":0,"31":3,"32":0,"33":0,"34":0,"35":0,"36":0,"37":0,"38":0,"39":0,"40":0,"41":3,"42":0,"43":0,"44":0},"f":{"0":3,"1":6,"2":6,"3":0,"4":0,"5":0,"6":0,"7":0,"8":0,"9":0,"10":0,"11":0},"b":{"0":[0,0],"1":[0,0],"2":[0,0],"3":[3,0],"4":[3,0],"5":[3,3],"6":[3,0],"7":[0,0],"8":[0,3]},"_coverageSchema":"1a1c01bbd47fc00a2c39e90264f33305004495a9","hash":"a50c1c7f037524c20e3ce27dc7c988f56512bd29"}
,"/Users/carolinerobbins/hackreactor/junior/frontendcapstone/src/redux/store.js": {"path":"/Users/carolinerobbins/hackreactor/junior/frontendcapstone/src/redux/store.js","statementMap":{"0":{"start":{"line":5,"column":14},"end":{"line":5,"column":38}}},"fnMap":{},"branchMap":{},"s":{"0":1},"f":{},"b":{},"_coverageSchema":"1a1c01bbd47fc00a2c39e90264f33305004495a9","hash":"f7201c82742517697453a679d6740c14ea9caf66"}
,"/Users/carolinerobbins/hackreactor/junior/frontendcapstone/src/redux/actions/index.js": {"path":"/Users/carolinerobbins/hackreactor/junior/frontendcapstone/src/redux/actions/index.js","statementMap":{"0":{"start":{"line":2,"column":23},"end":{"line":7,"column":1}},"1":{"start":{"line":3,"column":2},"end":{"line":6,"column":4}},"2":{"start":{"line":8,"column":26},"end":{"line":13,"column":1}},"3":{"start":{"line":9,"column":2},"end":{"line":12,"column":4}},"4":{"start":{"line":14,"column":23},"end":{"line":19,"column":1}},"5":{"start":{"line":15,"column":2},"end":{"line":18,"column":4}},"6":{"start":{"line":22,"column":25},"end":{"line":27,"column":1}},"7":{"start":{"line":23,"column":2},"end":{"line":26,"column":4}},"8":{"start":{"line":29,"column":26},"end":{"line":33,"column":1}},"9":{"start":{"line":30,"column":2},"end":{"line":32,"column":4}},"10":{"start":{"line":35,"column":30},"end":{"line":39,"column":1}},"11":{"start":{"line":36,"column":2},"end":{"line":38,"column":4}},"12":{"start":{"line":40,"column":27},"end":{"line":44,"column":1}},"13":{"start":{"line":41,"column":2},"end":{"line":43,"column":4}},"14":{"start":{"line":48,"column":21},"end":{"line":53,"column":1}},"15":{"start":{"line":49,"column":2},"end":{"line":52,"column":4}},"16":{"start":{"line":54,"column":26},"end":{"line":59,"column":1}},"17":{"start":{"line":55,"column":2},"end":{"line":58,"column":4}},"18":{"start":{"line":61,"column":28},"end":{"line":66,"column":1}},"19":{"start":{"line":62,"column":2},"end":{"line":65,"column":4}},"20":{"start":{"line":69,"column":24},"end":{"line":73,"column":1}},"21":{"start":{"line":70,"column":2},"end":{"line":72,"column":3}},"22":{"start":{"line":74,"column":22},"end":{"line":78,"column":1}},"23":{"start":{"line":75,"column":2},"end":{"line":77,"column":3}},"24":{"start":{"line":79,"column":22},"end":{"line":83,"column":1}},"25":{"start":{"line":80,"column":2},"end":{"line":82,"column":3}}},"fnMap":{"0":{"name":"(anonymous_0)","decl":{"start":{"line":2,"column":23},"end":{"line":2,"column":24}},"loc":{"start":{"line":2,"column":35},"end":{"line":7,"column":1}},"line":2},"1":{"name":"(anonymous_1)","decl":{"start":{"line":8,"column":26},"end":{"line":8,"column":27}},"loc":{"start":{"line":8,"column":38},"end":{"line":13,"column":1}},"line":8},"2":{"name":"(anonymous_2)","decl":{"start":{"line":14,"column":23},"end":{"line":14,"column":24}},"loc":{"start":{"line":14,"column":34},"end":{"line":19,"column":1}},"line":14},"3":{"name":"(anonymous_3)","decl":{"start":{"line":22,"column":25},"end":{"line":22,"column":26}},"loc":{"start":{"line":22,"column":37},"end":{"line":27,"column":1}},"line":22},"4":{"name":"(anonymous_4)","decl":{"start":{"line":29,"column":26},"end":{"line":29,"column":27}},"loc":{"start":{"line":29,"column":32},"end":{"line":33,"column":1}},"line":29},"5":{"name":"(anonymous_5)","decl":{"start":{"line":35,"column":30},"end":{"line":35,"column":31}},"loc":{"start":{"line":35,"column":36},"end":{"line":39,"column":1}},"line":35},"6":{"name":"(anonymous_6)","decl":{"start":{"line":40,"column":27},"end":{"line":40,"column":28}},"loc":{"start":{"line":40,"column":33},"end":{"line":44,"column":1}},"line":40},"7":{"name":"(anonymous_7)","decl":{"start":{"line":48,"column":21},"end":{"line":48,"column":22}},"loc":{"start":{"line":48,"column":29},"end":{"line":53,"column":1}},"line":48},"8":{"name":"(anonymous_8)","decl":{"start":{"line":54,"column":26},"end":{"line":54,"column":27}},"loc":{"start":{"line":54,"column":36},"end":{"line":59,"column":1}},"line":54},"9":{"name":"(anonymous_9)","decl":{"start":{"line":61,"column":28},"end":{"line":61,"column":29}},"loc":{"start":{"line":61,"column":38},"end":{"line":66,"column":1}},"line":61},"10":{"name":"(anonymous_10)","decl":{"start":{"line":69,"column":24},"end":{"line":69,"column":25}},"loc":{"start":{"line":69,"column":30},"end":{"line":73,"column":1}},"line":69},"11":{"name":"(anonymous_11)","decl":{"start":{"line":74,"column":22},"end":{"line":74,"column":23}},"loc":{"start":{"line":74,"column":28},"end":{"line":78,"column":1}},"line":74},"12":{"name":"(anonymous_12)","decl":{"start":{"line":79,"column":22},"end":{"line":79,"column":23}},"loc":{"start":{"line":79,"column":28},"end":{"line":83,"column":1}},"line":79}},"branchMap":{},"s":{"0":1,"1":0,"2":1,"3":0,"4":1,"5":0,"6":1,"7":0,"8":1,"9":0,"10":1,"11":0,"12":1,"13":0,"14":1,"15":0,"16":1,"17":0,"18":1,"19":0,"20":1,"21":0,"22":1,"23":0,"24":1,"25":0},"f":{"0":0,"1":0,"2":0,"3":0,"4":0,"5":0,"6":0,"7":0,"8":0,"9":0,"10":0,"11":0,"12":0},"b":{},"_coverageSchema":"1a1c01bbd47fc00a2c39e90264f33305004495a9","hash":"3d9944bc19b17da3d11a570fc42d283cbc33148f"}
,"/Users/carolinerobbins/hackreactor/junior/frontendcapstone/src/redux/reducers/index.js": {"path":"/Users/carolinerobbins/hackreactor/junior/frontendcapstone/src/redux/reducers/index.js","statementMap":{"0":{"start":{"line":8,"column":21},"end":{"line":14,"column":2}}},"fnMap":{},"branchMap":{},"s":{"0":1},"f":{},"b":{},"_coverageSchema":"1a1c01bbd47fc00a2c39e90264f33305004495a9","hash":"9e32b5ce3bf797415fa995fc465eda6866cf7882"}
,"/Users/carolinerobbins/hackreactor/junior/frontendcapstone/src/redux/reducers/input.js": {"path":"/Users/carolinerobbins/hackreactor/junior/frontendcapstone/src/redux/reducers/input.js","statementMap":{"0":{"start":{"line":3,"column":21},"end":{"line":18,"column":1}},"1":{"start":{"line":5,"column":2},"end":{"line":17,"column":3}},"2":{"start":{"line":8,"column":6},"end":{"line":8,"column":19}},"3":{"start":{"line":11,"column":6},"end":{"line":11,"column":19}},"4":{"start":{"line":14,"column":6},"end":{"line":14,"column":19}},"5":{"start":{"line":16,"column":6},"end":{"line":16,"column":18}}},"fnMap":{"0":{"name":"(anonymous_0)","decl":{"start":{"line":3,"column":21},"end":{"line":3,"column":22}},"loc":{"start":{"line":3,"column":45},"end":{"line":18,"column":1}},"line":3}},"branchMap":{"0":{"loc":{"start":{"line":3,"column":22},"end":{"line":3,"column":32}},"type":"default-arg","locations":[{"start":{"line":3,"column":30},"end":{"line":3,"column":32}}],"line":3},"1":{"loc":{"start":{"line":5,"column":2},"end":{"line":17,"column":3}},"type":"switch","locations":[{"start":{"line":6,"column":4},"end":{"line":8,"column":19}},{"start":{"line":9,"column":4},"end":{"line":11,"column":19}},{"start":{"line":12,"column":4},"end":{"line":14,"column":19}},{"start":{"line":15,"column":4},"end":{"line":16,"column":18}}],"line":5}},"s":{"0":1,"1":3,"2":0,"3":0,"4":0,"5":3},"f":{"0":3},"b":{"0":[3],"1":[0,0,0,3]},"_coverageSchema":"1a1c01bbd47fc00a2c39e90264f33305004495a9","hash":"bca3d3e8074bf7057319f96dacb68b5ff63fa317"}
,"/Users/carolinerobbins/hackreactor/junior/frontendcapstone/src/redux/reducers/outfitsReducer.js": {"path":"/Users/carolinerobbins/hackreactor/junior/frontendcapstone/src/redux/reducers/outfitsReducer.js","statementMap":{"0":{"start":{"line":1,"column":23},"end":{"line":14,"column":1}},"1":{"start":{"line":3,"column":2},"end":{"line":11,"column":5}},"2":{"start":{"line":5,"column":6},"end":{"line":5,"column":43}},"3":{"start":{"line":6,"column":6},"end":{"line":6,"column":12}},"4":{"start":{"line":8,"column":27},"end":{"line":8,"column":56}},"5":{"start":{"line":9,"column":6},"end":{"line":9,"column":79}},"6":{"start":{"line":10,"column":6},"end":{"line":10,"column":12}},"7":{"start":{"line":13,"column":4},"end":{"line":13,"column":17}}},"fnMap":{"0":{"name":"(anonymous_0)","decl":{"start":{"line":1,"column":23},"end":{"line":1,"column":24}},"loc":{"start":{"line":1,"column":47},"end":{"line":14,"column":1}},"line":1}},"branchMap":{"0":{"loc":{"start":{"line":1,"column":24},"end":{"line":1,"column":34}},"type":"default-arg","locations":[{"start":{"line":1,"column":32},"end":{"line":1,"column":34}}],"line":1},"1":{"loc":{"start":{"line":3,"column":2},"end":{"line":11,"column":5}},"type":"switch","locations":[{"start":{"line":4,"column":4},"end":{"line":6,"column":12}},{"start":{"line":7,"column":4},"end":{"line":10,"column":12}}],"line":3}},"s":{"0":1,"1":3,"2":0,"3":0,"4":0,"5":0,"6":0,"7":3},"f":{"0":3},"b":{"0":[3],"1":[0,0]},"_coverageSchema":"1a1c01bbd47fc00a2c39e90264f33305004495a9","hash":"78fdcec20450f516aefe5817eb7dc9398cb1446e"}
,"/Users/carolinerobbins/hackreactor/junior/frontendcapstone/src/redux/reducers/productIdReducer.js": {"path":"/Users/carolinerobbins/hackreactor/junior/frontendcapstone/src/redux/reducers/productIdReducer.js","statementMap":{"0":{"start":{"line":2,"column":25},"end":{"line":10,"column":1}},"1":{"start":{"line":4,"column":2},"end":{"line":9,"column":3}},"2":{"start":{"line":6,"column":6},"end":{"line":6,"column":28}},"3":{"start":{"line":8,"column":6},"end":{"line":8,"column":18}}},"fnMap":{"0":{"name":"(anonymous_0)","decl":{"start":{"line":2,"column":25},"end":{"line":2,"column":26}},"loc":{"start":{"line":2,"column":52},"end":{"line":10,"column":1}},"line":2}},"branchMap":{"0":{"loc":{"start":{"line":2,"column":26},"end":{"line":2,"column":39}},"type":"default-arg","locations":[{"start":{"line":2,"column":34},"end":{"line":2,"column":39}}],"line":2},"1":{"loc":{"start":{"line":4,"column":2},"end":{"line":9,"column":3}},"type":"switch","locations":[{"start":{"line":5,"column":4},"end":{"line":6,"column":28}},{"start":{"line":7,"column":4},"end":{"line":8,"column":18}}],"line":4}},"s":{"0":1,"1":3,"2":0,"3":3},"f":{"0":3},"b":{"0":[3],"1":[0,3]},"_coverageSchema":"1a1c01bbd47fc00a2c39e90264f33305004495a9","hash":"1ee0b97c48a71d7039d279fe24ae04f2f0ce615d"}
,"/Users/carolinerobbins/hackreactor/junior/frontendcapstone/src/redux/reducers/relatedReducer.js": {"path":"/Users/carolinerobbins/hackreactor/junior/frontendcapstone/src/redux/reducers/relatedReducer.js","statementMap":{"0":{"start":{"line":1,"column":23},"end":{"line":18,"column":1}},"1":{"start":{"line":3,"column":2},"end":{"line":17,"column":3}},"2":{"start":{"line":5,"column":6},"end":{"line":5,"column":43}},"3":{"start":{"line":6,"column":6},"end":{"line":6,"column":19}},"4":{"start":{"line":8,"column":27},"end":{"line":8,"column":56}},"5":{"start":{"line":9,"column":6},"end":{"line":9,"column":81}},"6":{"start":{"line":10,"column":6},"end":{"line":10,"column":19}},"7":{"start":{"line":12,"column":6},"end":{"line":12,"column":79}},"8":{"start":{"line":13,"column":6},"end":{"line":13,"column":29}},"9":{"start":{"line":14,"column":6},"end":{"line":14,"column":19}},"10":{"start":{"line":16,"column":6},"end":{"line":16,"column":16}}},"fnMap":{"0":{"name":"(anonymous_0)","decl":{"start":{"line":1,"column":23},"end":{"line":1,"column":24}},"loc":{"start":{"line":1,"column":47},"end":{"line":18,"column":1}},"line":1}},"branchMap":{"0":{"loc":{"start":{"line":1,"column":24},"end":{"line":1,"column":34}},"type":"default-arg","locations":[{"start":{"line":1,"column":32},"end":{"line":1,"column":34}}],"line":1},"1":{"loc":{"start":{"line":3,"column":2},"end":{"line":17,"column":3}},"type":"switch","locations":[{"start":{"line":4,"column":4},"end":{"line":6,"column":19}},{"start":{"line":7,"column":4},"end":{"line":10,"column":19}},{"start":{"line":11,"column":4},"end":{"line":14,"column":19}},{"start":{"line":15,"column":4},"end":{"line":16,"column":16}}],"line":3}},"s":{"0":1,"1":3,"2":0,"3":0,"4":0,"5":0,"6":0,"7":0,"8":0,"9":0,"10":3},"f":{"0":3},"b":{"0":[3],"1":[0,0,0,3]},"_coverageSchema":"1a1c01bbd47fc00a2c39e90264f33305004495a9","hash":"721031532b73446e1e1e2ac0c9c3611cbbe31a2c"}
,"/Users/carolinerobbins/hackreactor/junior/frontendcapstone/src/redux/reducers/stylesReducer.js": {"path":"/Users/carolinerobbins/hackreactor/junior/frontendcapstone/src/redux/reducers/stylesReducer.js","statementMap":{"0":{"start":{"line":3,"column":22},"end":{"line":10,"column":1}},"1":{"start":{"line":4,"column":2},"end":{"line":9,"column":3}},"2":{"start":{"line":6,"column":6},"end":{"line":6,"column":28}},"3":{"start":{"line":8,"column":6},"end":{"line":8,"column":18}}},"fnMap":{"0":{"name":"(anonymous_0)","decl":{"start":{"line":3,"column":22},"end":{"line":3,"column":23}},"loc":{"start":{"line":3,"column":46},"end":{"line":10,"column":1}},"line":3}},"branchMap":{"0":{"loc":{"start":{"line":3,"column":23},"end":{"line":3,"column":33}},"type":"default-arg","locations":[{"start":{"line":3,"column":31},"end":{"line":3,"column":33}}],"line":3},"1":{"loc":{"start":{"line":4,"column":2},"end":{"line":9,"column":3}},"type":"switch","locations":[{"start":{"line":5,"column":4},"end":{"line":6,"column":28}},{"start":{"line":7,"column":4},"end":{"line":8,"column":18}}],"line":4}},"s":{"0":1,"1":3,"2":0,"3":3},"f":{"0":3},"b":{"0":[3],"1":[0,3]},"_coverageSchema":"1a1c01bbd47fc00a2c39e90264f33305004495a9","hash":"07f5b24e070d650652375efae28984c6e0f9f8fb"}
}
