TN:
SF:config.js
FNF:0
FNH:0
DA:1,1
LF:1
LH:1
BRF:0
BRH:0
end_of_record
TN:
SF:src/apis/apiConfig.js
FNF:0
FNH:0
DA:3,1
DA:5,1
LF:2
LH:2
BRF:0
BRH:0
end_of_record
TN:
SF:src/apis/cart.js
FN:5,(anonymous_0)
FN:14,(anonymous_1)
FNF:2
FNH:0
FNDA:0,(anonymous_0)
FNDA:0,(anonymous_1)
DA:5,1
DA:6,0
DA:7,0
DA:8,0
DA:10,0
DA:14,1
DA:15,0
DA:16,0
DA:17,0
DA:19,0
LF:10
LH:2
BRF:0
BRH:0
end_of_record
TN:
SF:src/components/overview/Cart.jsx
FN:5,Cart
FN:6,(anonymous_1)
FN:7,(anonymous_2)
FN:13,(anonymous_3)
FN:26,(anonymous_4)
FN:28,(anonymous_5)
FN:38,(anonymous_6)
FN:51,(anonymous_7)
FN:58,generateQuantity
FN:78,(anonymous_9)
FN:85,(anonymous_10)
FN:93,(anonymous_11)
FNF:12
FNH:1
FNDA:12,Cart
FNDA:0,(anonymous_1)
FNDA:0,(anonymous_2)
FNDA:0,(anonymous_3)
FNDA:0,(anonymous_4)
FNDA:0,(anonymous_5)
FNDA:0,(anonymous_6)
FNDA:0,(anonymous_7)
FNDA:0,generateQuantity
FNDA:0,(anonymous_9)
FNDA:0,(anonymous_10)
FNDA:0,(anonymous_11)
DA:6,12
DA:7,0
DA:8,0
DA:9,0
DA:10,0
DA:11,0
DA:13,0
DA:14,0
DA:15,0
DA:16,0
DA:17,0
DA:18,0
DA:19,0
DA:26,0
DA:27,0
DA:28,0
DA:29,0
DA:30,0
DA:31,0
DA:33,0
DA:36,0
DA:38,0
DA:39,0
DA:40,0
DA:41,0
DA:43,0
DA:46,0
DA:51,0
DA:52,0
DA:53,0
DA:59,0
DA:60,0
DA:61,0
DA:63,0
DA:64,0
DA:67,0
DA:79,0
DA:85,0
DA:94,0
LF:39
LH:1
BRDA:17,0,0,0
BRDA:17,0,1,0
BRDA:19,1,0,0
BRDA:19,1,1,0
BRDA:53,2,0,0
BRDA:53,2,1,0
BRDA:77,3,0,0
BRDA:77,3,1,0
BRDA:88,4,0,0
BRDA:88,4,1,0
BRDA:101,5,0,0
BRDA:101,5,1,0
BRDA:109,6,0,0
BRDA:109,6,1,0
BRF:14
BRH:0
end_of_record
